{"name":"Verificar la autenticacion exitosa en la pagina de PTC","id":"autenticacion-en-la-pagina-de-ptc;verificar-la-autenticacion-exitosa-en-la-pagina-de-ptc","testSteps":[{"number":1,"description":"Dado que el usuario se encuentra en la pagina de inicio de sesion de PTC","duration":7199,"startTime":"2025-05-27T10:08:49.771546800-05:00[America/Bogota]","screenshots":[{"screenshot":"b8324753d819ebc6b1c0f2794684abde3a6454db8ef1afdd63755a010e87d870.png","timeStamp":1748358536971}],"result":"SUCCESS","precondition":false,"level":0,"children":[{"number":2,"description":"Usuario abrir pagina","duration":6472,"startTime":"2025-05-27T10:08:50.489644-05:00[America/Bogota]","screenshots":[{"screenshot":"b8324753d819ebc6b1c0f2794684abde3a6454db8ef1afdd63755a010e87d870.png","timeStamp":1748358536962}],"result":"SUCCESS","precondition":false,"level":1,"children":[{"number":3,"description":"usuario opens the Inicio ptc","duration":6431,"startTime":"2025-05-27T10:08:50.515109600-05:00[America/Bogota]","screenshots":[{"screenshot":"b8324753d819ebc6b1c0f2794684abde3a6454db8ef1afdd63755a010e87d870.png","timeStamp":1748358536944}],"result":"SUCCESS","precondition":false,"level":2}]}]},{"number":4,"description":"Cuando ingrese las credenciales correctas (usuario, contrasena y rol)\r\n| correos | contraseña | rol |\r\n| Lol@gmail.com | shadamy159 | Administrador |","duration":22757,"startTime":"2025-05-27T10:08:56.972642900-05:00[America/Bogota]","exception":{"errorType":"net.thucydides.core.webdriver.exceptions.ElementShouldBeEnabledException","message":"Expected enabled element was not enabled","stackTrace":[{"classLoaderName":"app","declaringClass":"co.com.AutoPTC.tasks.IniciarSesion","methodName":"performAs","fileName":"IniciarSesion.java","lineNumber":33,"format":1},{"classLoaderName":"app","declaringClass":"co.com.AutoPTC.stepsdefinitions.AutentificacionStepDefinitions","methodName":"ingreseLasCredencialesCorrectasUsuarioContrasenaYRol","fileName":"AutentificacionStepDefinitions.java","lineNumber":33,"format":1},{"classLoaderName":"app","declaringClass":"cucumber.runner.Runner","methodName":"runPickle","fileName":"Runner.java","lineNumber":80,"format":1},{"classLoaderName":"app","declaringClass":"worker.org.gradle.process.internal.worker.GradleWorkerMain","methodName":"run","fileName":"GradleWorkerMain.java","lineNumber":69,"format":1},{"classLoaderName":"app","declaringClass":"worker.org.gradle.process.internal.worker.GradleWorkerMain","methodName":"main","fileName":"GradleWorkerMain.java","lineNumber":74,"format":1}],"rootCause":{"errorType":"org.openqa.selenium.TimeoutException","message":"Expected condition failed: waiting for By.xpath: //*[@id\u003d\":r3:\"] to be enabled (tried for 5 second(s) with 100 milliseconds interval)","stackTrace":[{"classLoaderName":"app","declaringClass":"co.com.AutoPTC.tasks.IniciarSesion","methodName":"performAs","fileName":"IniciarSesion.java","lineNumber":33,"format":1},{"classLoaderName":"app","declaringClass":"co.com.AutoPTC.stepsdefinitions.AutentificacionStepDefinitions","methodName":"ingreseLasCredencialesCorrectasUsuarioContrasenaYRol","fileName":"AutentificacionStepDefinitions.java","lineNumber":33,"format":1},{"classLoaderName":"app","declaringClass":"cucumber.runner.Runner","methodName":"runPickle","fileName":"Runner.java","lineNumber":80,"format":1},{"classLoaderName":"app","declaringClass":"worker.org.gradle.process.internal.worker.GradleWorkerMain","methodName":"run","fileName":"GradleWorkerMain.java","lineNumber":69,"format":1},{"classLoaderName":"app","declaringClass":"worker.org.gradle.process.internal.worker.GradleWorkerMain","methodName":"main","fileName":"GradleWorkerMain.java","lineNumber":74,"format":1}],"rootCause":{"errorType":"org.openqa.selenium.NoSuchElementException","message":"no such element: Unable to locate element: {\"method\":\"xpath\",\"selector\":\"//*[@id\u003d\":r3:\"]\"}\n  (Session info: chrome\u003d136.0.7103.114)\nFor documentation on this error, please visit: https://www.seleniumhq.org/exceptions/no_such_element.html\nBuild info: version: \u00273.141.59\u0027, revision: \u0027e82be7d358\u0027, time: \u00272018-11-14T08:17:03\u0027\nSystem info: host: \u0027NANOYOKI-06\u0027, ip: \u0027192.168.101.7\u0027, os.name: \u0027Windows 10\u0027, os.arch: \u0027amd64\u0027, os.version: \u002710.0\u0027, java.version: \u002715.0.1\u0027\nDriver info: org.openqa.selenium.chrome.ChromeDriver\nCapabilities {acceptInsecureCerts: false, browserName: chrome, browserVersion: 136.0.7103.114, chrome: {chromedriverVersion: 136.0.7103.94 (fa0be0b33deb..., userDataDir: C:\\Users\\ASUS\\AppData\\Local...}, fedcm:accounts: true, goog:chromeOptions: {debuggerAddress: localhost:59233}, javascriptEnabled: true, networkConnectionEnabled: false, pageLoadStrategy: normal, platform: WINDOWS, platformName: WINDOWS, proxy: Proxy(), setWindowRect: true, strictFileInteractability: false, timeouts: {implicit: 0, pageLoad: 300000, script: 30000}, unhandledPromptBehavior: ignore, webauthn:extension:credBlob: true, webauthn:extension:largeBlob: true, webauthn:extension:minPinLength: true, webauthn:extension:prf: true, webauthn:virtualAuthenticators: true}\nSession ID: 23a55131db038c0c54f43adf0aa9d1ce\n*** Element info: {Using\u003dxpath, value\u003d//*[@id\u003d\":r3:\"]}","stackTrace":[{"classLoaderName":"app","declaringClass":"co.com.AutoPTC.tasks.IniciarSesion","methodName":"performAs","fileName":"IniciarSesion.java","lineNumber":33,"format":1},{"classLoaderName":"app","declaringClass":"co.com.AutoPTC.stepsdefinitions.AutentificacionStepDefinitions","methodName":"ingreseLasCredencialesCorrectasUsuarioContrasenaYRol","fileName":"AutentificacionStepDefinitions.java","lineNumber":33,"format":1},{"classLoaderName":"app","declaringClass":"cucumber.runner.Runner","methodName":"runPickle","fileName":"Runner.java","lineNumber":80,"format":1},{"classLoaderName":"app","declaringClass":"worker.org.gradle.process.internal.worker.GradleWorkerMain","methodName":"run","fileName":"GradleWorkerMain.java","lineNumber":69,"format":1},{"classLoaderName":"app","declaringClass":"worker.org.gradle.process.internal.worker.GradleWorkerMain","methodName":"main","fileName":"GradleWorkerMain.java","lineNumber":74,"format":1}]}}},"result":"FAILURE","precondition":false,"level":0,"children":[{"number":5,"description":"Usuario iniciar sesion","duration":22729,"startTime":"2025-05-27T10:08:56.987262900-05:00[America/Bogota]","exception":{"errorType":"net.thucydides.core.webdriver.exceptions.ElementShouldBeEnabledException","message":"Expected enabled element was not enabled","stackTrace":[{"classLoaderName":"app","declaringClass":"co.com.AutoPTC.tasks.IniciarSesion","methodName":"performAs","fileName":"IniciarSesion.java","lineNumber":33,"format":1},{"classLoaderName":"app","declaringClass":"co.com.AutoPTC.stepsdefinitions.AutentificacionStepDefinitions","methodName":"ingreseLasCredencialesCorrectasUsuarioContrasenaYRol","fileName":"AutentificacionStepDefinitions.java","lineNumber":33,"format":1},{"classLoaderName":"app","declaringClass":"cucumber.runner.Runner","methodName":"runPickle","fileName":"Runner.java","lineNumber":80,"format":1},{"classLoaderName":"app","declaringClass":"worker.org.gradle.process.internal.worker.GradleWorkerMain","methodName":"run","fileName":"GradleWorkerMain.java","lineNumber":69,"format":1},{"classLoaderName":"app","declaringClass":"worker.org.gradle.process.internal.worker.GradleWorkerMain","methodName":"main","fileName":"GradleWorkerMain.java","lineNumber":74,"format":1}],"rootCause":{"errorType":"org.openqa.selenium.TimeoutException","message":"Expected condition failed: waiting for By.xpath: //*[@id\u003d\":r3:\"] to be enabled (tried for 5 second(s) with 100 milliseconds interval)","stackTrace":[{"classLoaderName":"app","declaringClass":"co.com.AutoPTC.tasks.IniciarSesion","methodName":"performAs","fileName":"IniciarSesion.java","lineNumber":33,"format":1},{"classLoaderName":"app","declaringClass":"co.com.AutoPTC.stepsdefinitions.AutentificacionStepDefinitions","methodName":"ingreseLasCredencialesCorrectasUsuarioContrasenaYRol","fileName":"AutentificacionStepDefinitions.java","lineNumber":33,"format":1},{"classLoaderName":"app","declaringClass":"cucumber.runner.Runner","methodName":"runPickle","fileName":"Runner.java","lineNumber":80,"format":1},{"classLoaderName":"app","declaringClass":"worker.org.gradle.process.internal.worker.GradleWorkerMain","methodName":"run","fileName":"GradleWorkerMain.java","lineNumber":69,"format":1},{"classLoaderName":"app","declaringClass":"worker.org.gradle.process.internal.worker.GradleWorkerMain","methodName":"main","fileName":"GradleWorkerMain.java","lineNumber":74,"format":1}],"rootCause":{"errorType":"org.openqa.selenium.NoSuchElementException","message":"no such element: Unable to locate element: {\"method\":\"xpath\",\"selector\":\"//*[@id\u003d\":r3:\"]\"}\n  (Session info: chrome\u003d136.0.7103.114)\nFor documentation on this error, please visit: https://www.seleniumhq.org/exceptions/no_such_element.html\nBuild info: version: \u00273.141.59\u0027, revision: \u0027e82be7d358\u0027, time: \u00272018-11-14T08:17:03\u0027\nSystem info: host: \u0027NANOYOKI-06\u0027, ip: \u0027192.168.101.7\u0027, os.name: \u0027Windows 10\u0027, os.arch: \u0027amd64\u0027, os.version: \u002710.0\u0027, java.version: \u002715.0.1\u0027\nDriver info: org.openqa.selenium.chrome.ChromeDriver\nCapabilities {acceptInsecureCerts: false, browserName: chrome, browserVersion: 136.0.7103.114, chrome: {chromedriverVersion: 136.0.7103.94 (fa0be0b33deb..., userDataDir: C:\\Users\\ASUS\\AppData\\Local...}, fedcm:accounts: true, goog:chromeOptions: {debuggerAddress: localhost:59233}, javascriptEnabled: true, networkConnectionEnabled: false, pageLoadStrategy: normal, platform: WINDOWS, platformName: WINDOWS, proxy: Proxy(), setWindowRect: true, strictFileInteractability: false, timeouts: {implicit: 0, pageLoad: 300000, script: 30000}, unhandledPromptBehavior: ignore, webauthn:extension:credBlob: true, webauthn:extension:largeBlob: true, webauthn:extension:minPinLength: true, webauthn:extension:prf: true, webauthn:virtualAuthenticators: true}\nSession ID: 23a55131db038c0c54f43adf0aa9d1ce\n*** Element info: {Using\u003dxpath, value\u003d//*[@id\u003d\":r3:\"]}","stackTrace":[{"classLoaderName":"app","declaringClass":"co.com.AutoPTC.tasks.IniciarSesion","methodName":"performAs","fileName":"IniciarSesion.java","lineNumber":33,"format":1},{"classLoaderName":"app","declaringClass":"co.com.AutoPTC.stepsdefinitions.AutentificacionStepDefinitions","methodName":"ingreseLasCredencialesCorrectasUsuarioContrasenaYRol","fileName":"AutentificacionStepDefinitions.java","lineNumber":33,"format":1},{"classLoaderName":"app","declaringClass":"cucumber.runner.Runner","methodName":"runPickle","fileName":"Runner.java","lineNumber":80,"format":1},{"classLoaderName":"app","declaringClass":"worker.org.gradle.process.internal.worker.GradleWorkerMain","methodName":"run","fileName":"GradleWorkerMain.java","lineNumber":69,"format":1},{"classLoaderName":"app","declaringClass":"worker.org.gradle.process.internal.worker.GradleWorkerMain","methodName":"main","fileName":"GradleWorkerMain.java","lineNumber":74,"format":1}]}}},"result":"FAILURE","precondition":false,"level":1,"children":[{"number":6,"description":"usuario clicks on enlace de login","duration":1287,"startTime":"2025-05-27T10:08:57.041927900-05:00[America/Bogota]","screenshots":[{"screenshot":"1ca5cd8cafc5122faf20158520e6488310fd7606f83eff00a8f1e73c23b82db7.png","timeStamp":1748358538329}],"result":"SUCCESS","precondition":false,"level":2},{"number":7,"description":"usuario enters \u0027Lol@gmail.com\u0027 into campo de usuario","duration":788,"startTime":"2025-05-27T10:08:58.331381900-05:00[America/Bogota]","screenshots":[{"screenshot":"0f4d7548f78eb644203868a4c1eac1d0349d0620283bd60e2d4bf8e798da3539.png","timeStamp":1748358539120}],"result":"SUCCESS","precondition":false,"level":2},{"number":8,"description":"usuario enters \u0027shadamy159\u0027 into campo de contraseña","duration":20580,"startTime":"2025-05-27T10:08:59.122480300-05:00[America/Bogota]","screenshots":[{"screenshot":"24563d3b297f013e05315b1dfa13cca25126ef0289c0a95f91e13f659bbcbf2b.png","htmlSource":"pagesource3392224975186646921.html.txt","timeStamp":1748358559695}],"exception":{"errorType":"net.thucydides.core.webdriver.exceptions.ElementShouldBeEnabledException","message":"Expected enabled element was not enabled","stackTrace":[{"classLoaderName":"app","declaringClass":"co.com.AutoPTC.tasks.IniciarSesion","methodName":"performAs","fileName":"IniciarSesion.java","lineNumber":33,"format":1},{"classLoaderName":"app","declaringClass":"co.com.AutoPTC.stepsdefinitions.AutentificacionStepDefinitions","methodName":"ingreseLasCredencialesCorrectasUsuarioContrasenaYRol","fileName":"AutentificacionStepDefinitions.java","lineNumber":33,"format":1},{"classLoaderName":"app","declaringClass":"cucumber.runner.Runner","methodName":"runPickle","fileName":"Runner.java","lineNumber":80,"format":1},{"classLoaderName":"app","declaringClass":"worker.org.gradle.process.internal.worker.GradleWorkerMain","methodName":"run","fileName":"GradleWorkerMain.java","lineNumber":69,"format":1},{"classLoaderName":"app","declaringClass":"worker.org.gradle.process.internal.worker.GradleWorkerMain","methodName":"main","fileName":"GradleWorkerMain.java","lineNumber":74,"format":1}],"rootCause":{"errorType":"org.openqa.selenium.TimeoutException","message":"Expected condition failed: waiting for By.xpath: //*[@id\u003d\":r3:\"] to be enabled (tried for 5 second(s) with 100 milliseconds interval)","stackTrace":[{"classLoaderName":"app","declaringClass":"co.com.AutoPTC.tasks.IniciarSesion","methodName":"performAs","fileName":"IniciarSesion.java","lineNumber":33,"format":1},{"classLoaderName":"app","declaringClass":"co.com.AutoPTC.stepsdefinitions.AutentificacionStepDefinitions","methodName":"ingreseLasCredencialesCorrectasUsuarioContrasenaYRol","fileName":"AutentificacionStepDefinitions.java","lineNumber":33,"format":1},{"classLoaderName":"app","declaringClass":"cucumber.runner.Runner","methodName":"runPickle","fileName":"Runner.java","lineNumber":80,"format":1},{"classLoaderName":"app","declaringClass":"worker.org.gradle.process.internal.worker.GradleWorkerMain","methodName":"run","fileName":"GradleWorkerMain.java","lineNumber":69,"format":1},{"classLoaderName":"app","declaringClass":"worker.org.gradle.process.internal.worker.GradleWorkerMain","methodName":"main","fileName":"GradleWorkerMain.java","lineNumber":74,"format":1}],"rootCause":{"errorType":"org.openqa.selenium.NoSuchElementException","message":"no such element: Unable to locate element: {\"method\":\"xpath\",\"selector\":\"//*[@id\u003d\":r3:\"]\"}\n  (Session info: chrome\u003d136.0.7103.114)\nFor documentation on this error, please visit: https://www.seleniumhq.org/exceptions/no_such_element.html\nBuild info: version: \u00273.141.59\u0027, revision: \u0027e82be7d358\u0027, time: \u00272018-11-14T08:17:03\u0027\nSystem info: host: \u0027NANOYOKI-06\u0027, ip: \u0027192.168.101.7\u0027, os.name: \u0027Windows 10\u0027, os.arch: \u0027amd64\u0027, os.version: \u002710.0\u0027, java.version: \u002715.0.1\u0027\nDriver info: org.openqa.selenium.chrome.ChromeDriver\nCapabilities {acceptInsecureCerts: false, browserName: chrome, browserVersion: 136.0.7103.114, chrome: {chromedriverVersion: 136.0.7103.94 (fa0be0b33deb..., userDataDir: C:\\Users\\ASUS\\AppData\\Local...}, fedcm:accounts: true, goog:chromeOptions: {debuggerAddress: localhost:59233}, javascriptEnabled: true, networkConnectionEnabled: false, pageLoadStrategy: normal, platform: WINDOWS, platformName: WINDOWS, proxy: Proxy(), setWindowRect: true, strictFileInteractability: false, timeouts: {implicit: 0, pageLoad: 300000, script: 30000}, unhandledPromptBehavior: ignore, webauthn:extension:credBlob: true, webauthn:extension:largeBlob: true, webauthn:extension:minPinLength: true, webauthn:extension:prf: true, webauthn:virtualAuthenticators: true}\nSession ID: 23a55131db038c0c54f43adf0aa9d1ce\n*** Element info: {Using\u003dxpath, value\u003d//*[@id\u003d\":r3:\"]}","stackTrace":[{"classLoaderName":"app","declaringClass":"co.com.AutoPTC.tasks.IniciarSesion","methodName":"performAs","fileName":"IniciarSesion.java","lineNumber":33,"format":1},{"classLoaderName":"app","declaringClass":"co.com.AutoPTC.stepsdefinitions.AutentificacionStepDefinitions","methodName":"ingreseLasCredencialesCorrectasUsuarioContrasenaYRol","fileName":"AutentificacionStepDefinitions.java","lineNumber":33,"format":1},{"classLoaderName":"app","declaringClass":"cucumber.runner.Runner","methodName":"runPickle","fileName":"Runner.java","lineNumber":80,"format":1},{"classLoaderName":"app","declaringClass":"worker.org.gradle.process.internal.worker.GradleWorkerMain","methodName":"run","fileName":"GradleWorkerMain.java","lineNumber":69,"format":1},{"classLoaderName":"app","declaringClass":"worker.org.gradle.process.internal.worker.GradleWorkerMain","methodName":"main","fileName":"GradleWorkerMain.java","lineNumber":74,"format":1}]}}},"result":"FAILURE","precondition":false,"level":2}]}]},{"number":9,"description":"Entonces se debe verificar que el usuario haya sido autenticado correctamente y redirigido a su panel correspondiente","duration":4,"startTime":"2025-05-27T10:09:19.757407600-05:00[America/Bogota]","result":"SKIPPED","precondition":false,"level":0}],"userStory":{"id":"autenticacion-en-la-pagina-de-ptc","storyName":"Autenticacion en la pagina de PTC","path":"src/test/resources/feature/autentificacion_ptc.feature","narrative":"  Como usuario de Facebook\n  Quiero autenticarme en el portal de PTC\n  Para poder acceder al contenido y funcionalidades disponibles en mi rol.","type":"feature"},"featureTag":{"name":"Feature/Autenticacion en la pagina de PTC","type":"feature","displayName":"Feature/Autenticacion en la pagina de PTC"},"title":"Verificar la autenticacion exitosa en la pagina de PTC","tags":[{"name":"autenticacion","type":"tag","displayName":"autenticacion"}],"startTime":"2025-05-27T10:08:49.571616400-05:00[America/Bogota]","duration":30193,"testFailureCause":{"errorType":"net.thucydides.core.webdriver.exceptions.ElementShouldBeEnabledException","message":"Expected enabled element was not enabled","stackTrace":[{"classLoaderName":"app","declaringClass":"co.com.AutoPTC.tasks.IniciarSesion","methodName":"performAs","fileName":"IniciarSesion.java","lineNumber":33,"format":1},{"classLoaderName":"app","declaringClass":"co.com.AutoPTC.stepsdefinitions.AutentificacionStepDefinitions","methodName":"ingreseLasCredencialesCorrectasUsuarioContrasenaYRol","fileName":"AutentificacionStepDefinitions.java","lineNumber":33,"format":1},{"classLoaderName":"app","declaringClass":"cucumber.runner.Runner","methodName":"runPickle","fileName":"Runner.java","lineNumber":80,"format":1},{"classLoaderName":"app","declaringClass":"worker.org.gradle.process.internal.worker.GradleWorkerMain","methodName":"run","fileName":"GradleWorkerMain.java","lineNumber":69,"format":1},{"classLoaderName":"app","declaringClass":"worker.org.gradle.process.internal.worker.GradleWorkerMain","methodName":"main","fileName":"GradleWorkerMain.java","lineNumber":74,"format":1}],"rootCause":{"errorType":"org.openqa.selenium.TimeoutException","message":"Expected condition failed: waiting for By.xpath: //*[@id\u003d\":r3:\"] to be enabled (tried for 5 second(s) with 100 milliseconds interval)","stackTrace":[{"classLoaderName":"app","declaringClass":"co.com.AutoPTC.tasks.IniciarSesion","methodName":"performAs","fileName":"IniciarSesion.java","lineNumber":33,"format":1},{"classLoaderName":"app","declaringClass":"co.com.AutoPTC.stepsdefinitions.AutentificacionStepDefinitions","methodName":"ingreseLasCredencialesCorrectasUsuarioContrasenaYRol","fileName":"AutentificacionStepDefinitions.java","lineNumber":33,"format":1},{"classLoaderName":"app","declaringClass":"cucumber.runner.Runner","methodName":"runPickle","fileName":"Runner.java","lineNumber":80,"format":1},{"classLoaderName":"app","declaringClass":"worker.org.gradle.process.internal.worker.GradleWorkerMain","methodName":"run","fileName":"GradleWorkerMain.java","lineNumber":69,"format":1},{"classLoaderName":"app","declaringClass":"worker.org.gradle.process.internal.worker.GradleWorkerMain","methodName":"main","fileName":"GradleWorkerMain.java","lineNumber":74,"format":1}],"rootCause":{"errorType":"org.openqa.selenium.NoSuchElementException","message":"no such element: Unable to locate element: {\"method\":\"xpath\",\"selector\":\"//*[@id\u003d\":r3:\"]\"}\n  (Session info: chrome\u003d136.0.7103.114)\nFor documentation on this error, please visit: https://www.seleniumhq.org/exceptions/no_such_element.html\nBuild info: version: \u00273.141.59\u0027, revision: \u0027e82be7d358\u0027, time: \u00272018-11-14T08:17:03\u0027\nSystem info: host: \u0027NANOYOKI-06\u0027, ip: \u0027192.168.101.7\u0027, os.name: \u0027Windows 10\u0027, os.arch: \u0027amd64\u0027, os.version: \u002710.0\u0027, java.version: \u002715.0.1\u0027\nDriver info: org.openqa.selenium.chrome.ChromeDriver\nCapabilities {acceptInsecureCerts: false, browserName: chrome, browserVersion: 136.0.7103.114, chrome: {chromedriverVersion: 136.0.7103.94 (fa0be0b33deb..., userDataDir: C:\\Users\\ASUS\\AppData\\Local...}, fedcm:accounts: true, goog:chromeOptions: {debuggerAddress: localhost:59233}, javascriptEnabled: true, networkConnectionEnabled: false, pageLoadStrategy: normal, platform: WINDOWS, platformName: WINDOWS, proxy: Proxy(), setWindowRect: true, strictFileInteractability: false, timeouts: {implicit: 0, pageLoad: 300000, script: 30000}, unhandledPromptBehavior: ignore, webauthn:extension:credBlob: true, webauthn:extension:largeBlob: true, webauthn:extension:minPinLength: true, webauthn:extension:prf: true, webauthn:virtualAuthenticators: true}\nSession ID: 23a55131db038c0c54f43adf0aa9d1ce\n*** Element info: {Using\u003dxpath, value\u003d//*[@id\u003d\":r3:\"]}","stackTrace":[{"classLoaderName":"app","declaringClass":"co.com.AutoPTC.tasks.IniciarSesion","methodName":"performAs","fileName":"IniciarSesion.java","lineNumber":33,"format":1},{"classLoaderName":"app","declaringClass":"co.com.AutoPTC.stepsdefinitions.AutentificacionStepDefinitions","methodName":"ingreseLasCredencialesCorrectasUsuarioContrasenaYRol","fileName":"AutentificacionStepDefinitions.java","lineNumber":33,"format":1},{"classLoaderName":"app","declaringClass":"cucumber.runner.Runner","methodName":"runPickle","fileName":"Runner.java","lineNumber":80,"format":1},{"classLoaderName":"app","declaringClass":"worker.org.gradle.process.internal.worker.GradleWorkerMain","methodName":"run","fileName":"GradleWorkerMain.java","lineNumber":69,"format":1},{"classLoaderName":"app","declaringClass":"worker.org.gradle.process.internal.worker.GradleWorkerMain","methodName":"main","fileName":"GradleWorkerMain.java","lineNumber":74,"format":1}]}}},"testFailureClassname":"net.thucydides.core.webdriver.exceptions.ElementShouldBeEnabledException","testFailureMessage":"Expected enabled element was not enabled","testFailureSummary":"FAILURE;net.thucydides.core.webdriver.exceptions.ElementShouldBeEnabledException;Expected enabled element was not enabled;IniciarSesion.java","projectKey":"","annotatedResult":"FAILURE","sessionId":"23a55131db038c0c54f43adf0aa9d1ce","driver":"chrome:usuario","isManualTestingUpToDate":false,"manual":false,"testSource":"Cucumber","actors":[{"name":"usuario","can":["browse the web"]}],"result":"FAILURE"}