<?xml version="1.0" encoding="UTF-8"?><testsuite errors="0" failures="1" name="Autenticacion en la pagina de PTC" skipped="0" tests="1" time="30.19" timestamp="2025-05-27 10:08:49"><testcase name="Verificar la autenticacion exitosa en la pagina de PTC"><failure message="Expected enabled element was not enabled" type="net.thucydides.core.webdriver.exceptions.ElementShouldBeEnabledException">Expected enabled element was not enabled</failure><system-err>Expected enabled element was not enabled&#13;
co.com.AutoPTC.tasks.IniciarSesion.performAs(IniciarSesion.java:33)&#13;
co.com.AutoPTC.stepsdefinitions.AutentificacionStepDefinitions.ingreseLasCredencialesCorrectasUsuarioContrasenaYRol(AutentificacionStepDefinitions.java:33)&#13;
cucumber.runner.Runner.runPickle(Runner.java:80)&#13;
worker.org.gradle.process.internal.worker.GradleWorkerMain.run(GradleWorkerMain.java:69)&#13;
worker.org.gradle.process.internal.worker.GradleWorkerMain.main(GradleWorkerMain.java:74)&#13;
</system-err></testcase></testsuite>